Arguments: 
  /Users/davidfreitas/.nvm/versions/node/v14.18.1/bin/node /usr/local/Cellar/yarn/1.22.17/libexec/bin/yarn.js add express

PATH: 
  /Users/davidfreitas/.nvm/versions/node/v14.18.1/bin:/usr/local/bin:/usr/bin:/bin:/usr/sbin:/sbin:/Library/Apple/usr/bin:/Users/davidfreitas/.nvm/versions/node/v14.18.1/bin

Yarn version: 
  1.22.17

Node version: 
  14.18.1

Platform: 
  darwin x64

Trace: 
  Error: https://registry.yarnpkg.com/express: ETIMEDOUT
      at Timeout._onTimeout (/usr/local/Cellar/yarn/1.22.17/libexec/lib/cli.js:141543:19)
      at listOnTimeout (internal/timers.js:557:17)
      at processTimers (internal/timers.js:500:7)

npm manifest: 
  {
    "name": "backend",
    "version": "1.0.0",
    "main": "index.js",
    "license": "MIT"
  }

yarn manifest: 
  No manifest

Lockfile: 
  No lockfile
